\BOOKMARK [1][-]{section.1}{Typesetting Text}{}
\BOOKMARK [1][-]{section.2}{Typesetting Mathematics}{}
\BOOKMARK [2][-]{subsection.2.1}{General Formulae}{section.2}
\BOOKMARK [2][-]{subsection.2.2}{Calculus}{section.2}
\BOOKMARK [2][-]{subsection.2.3}{Counting}{section.2}
\BOOKMARK [2][-]{subsection.2.4}{Trigonometry}{section.2}
\BOOKMARK [2][-]{subsection.2.5}{Miscellaneous}{section.2}
\BOOKMARK [1][-]{section.3}{Tables}{}
\BOOKMARK [1][-]{section.4}{Creating your own commands/macros}{}
\BOOKMARK [1][-]{section.5}{Embedding images in your document}{}
\BOOKMARK [1][-]{section.6}{Displaying Source Code}{}
\BOOKMARK [1][-]{section.7}{Setting up Passwordless Logins with SSH}{}
\BOOKMARK [2][-]{subsection.7.1}{Generating a Key Pair}{section.7}
\BOOKMARK [2][-]{subsection.7.2}{Using the Key Pair for passwordless SSH}{section.7}
\BOOKMARK [1][-]{section.8}{Marking Scheme}{}
\BOOKMARK [2][-]{subsection.8.1}{Typesetting text - 3 marks}{section.8}
\BOOKMARK [2][-]{subsection.8.2}{Typesetting Mathematics - 3 marks}{section.8}
\BOOKMARK [2][-]{subsection.8.3}{Tables - 3 marks}{section.8}
\BOOKMARK [2][-]{subsection.8.4}{Macro - 1 mark}{section.8}
\BOOKMARK [2][-]{subsection.8.5}{Image - 3 marks}{section.8}
\BOOKMARK [2][-]{subsection.8.6}{Listings - 3 marks}{section.8}
\BOOKMARK [2][-]{subsection.8.7}{Passwordless SSH}{section.8}
\BOOKMARK [1][-]{section*.3}{References}{}
